<?xml version="1.0" encoding="UTF-8"?>
<!-- Generated by org.testng.reporters.JUnitReportReporter -->
<testsuite hostname="DEEPIKAPATIL" failures="0" tests="1" name="SpecificationConcept.Request_Reponse_Specification" time="2.036" errors="0" timestamp="2024-09-28T12:27:57 IST" skipped="0">
  <testcase classname="SpecificationConcept.Request_Reponse_Specification" name="getUser_With_Request_Spec1" time="2.036"/>
</testsuite> <!-- SpecificationConcept.Request_Reponse_Specification -->
