<?xml version="1.0" encoding="UTF-8"?>
<!-- Generated by org.testng.reporters.JUnitReportReporter -->
<testsuite hostname="DEEPIKAPATIL" failures="0" tests="3" name="GETAPIs.GETAPIWithPathParm" time="2.546" errors="0" timestamp="2024-09-25T08:26:29 IST" skipped="0">
  <testcase classname="GETAPIs.GETAPIWithPathParm" name="GetProductAPI_WithExtract_JSONPATH_DataProvider" time="0.295"/>
  <testcase classname="GETAPIs.GETAPIWithPathParm" name="GetProductAPI_WithExtract_JSONPATH_DataProvider" time="1.945"/>
  <testcase classname="GETAPIs.GETAPIWithPathParm" name="GetProductAPI_WithExtract_JSONPATH_DataProvider" time="0.306"/>
</testsuite> <!-- GETAPIs.GETAPIWithPathParm -->
