<?xml version="1.0" encoding="UTF-8"?>
<!-- Generated by org.testng.reporters.JUnitReportReporter -->
<testsuite hostname="DEEPIKAPATIL" failures="0" tests="1" name="GETAPIs.GETAPIRequestTestWithBDD" time="2.499" errors="0" timestamp="2024-09-25T07:54:05 IST" skipped="0">
  <testcase classname="GETAPIs.GETAPIRequestTestWithBDD" name="GetProductAPI_WithExtract_JSONPATH_BodyTestWithArray6" time="2.499"/>
</testsuite> <!-- GETAPIs.GETAPIRequestTestWithBDD -->
