<?xml version="1.0" encoding="UTF-8"?>
<!-- Generated by org.testng.reporters.JUnitReportReporter -->
<testsuite hostname="DEEPIKAPATIL" failures="0" tests="1" name="POSTAPIs.CreateUserWithPojoTest" time="4.039" errors="0" timestamp="2024-09-29T10:05:08 IST" skipped="0">
  <testcase classname="POSTAPIs.CreateUserWithPojoTest" name="AddUserTest" time="4.039"/>
</testsuite> <!-- POSTAPIs.CreateUserWithPojoTest -->
