<?xml version="1.0" encoding="UTF-8"?>
<!-- Generated by org.testng.reporters.JUnitReportReporter -->
<testsuite hostname="DEEPIKAPATIL" failures="0" tests="1" name="POSTAPIs.BookingAutheWithPojo" time="3.017" errors="0" timestamp="2024-09-29T06:43:02 IST" skipped="0">
  <testcase classname="POSTAPIs.BookingAutheWithPojo" name="getBookingAuthTest_WithJson_String" time="3.017"/>
</testsuite> <!-- POSTAPIs.BookingAutheWithPojo -->
