<?xml version="1.0" encoding="UTF-8"?>
<!-- Generated by org.testng.reporters.JUnitReportReporter -->
<testsuite hostname="DEEPIKAPATIL" failures="0" tests="1" name="POSTAPIs.BookingAuthTest" time="3.323" errors="0" timestamp="2024-09-25T13:22:31 IST" skipped="0">
  <testcase classname="POSTAPIs.BookingAuthTest" name="AddUSer" time="3.323"/>
</testsuite> <!-- POSTAPIs.BookingAuthTest -->
