<?xml version="1.0" encoding="UTF-8"?>
<!-- Generated by org.testng.reporters.JUnitReportReporter -->
<testsuite hostname="DEEPIKAPATIL" failures="0" tests="4" name="GETAPIs.GETAPIRequestTest" time="4.700" errors="0" timestamp="2024-09-24T21:06:57 IST" skipped="0">
  <testcase classname="GETAPIs.GETAPIRequestTest" name="getAllUserAPITestforSetup" time="1.663"/>
  <testcase classname="GETAPIs.GETAPIRequestTest" name="getAllUserWithQueryParamterAPITest" time="1.022"/>
  <testcase classname="GETAPIs.GETAPIRequestTest" name="getAllUserWithQueryParamter_WithHashMapAPITe1" time="0.982"/>
  <testcase classname="GETAPIs.GETAPIRequestTest" name="getAllUserWithQueryParamterAPITestwith2PArm" time="1.033"/>
</testsuite> <!-- GETAPIs.GETAPIRequestTest -->
