<?xml version="1.0" encoding="UTF-8"?>
<!-- Generated by org.testng.reporters.JUnitReportReporter -->
<testsuite hostname="DEEPIKAPATIL" failures="0" tests="1" name="GETAPIs.GETAPIRequestTestWithBDD" time="2.310" errors="0" timestamp="2024-09-28T10:31:41 IST" skipped="0">
  <testcase classname="GETAPIs.GETAPIRequestTestWithBDD" name="getProductTest" time="2.310"/>
</testsuite> <!-- GETAPIs.GETAPIRequestTestWithBDD -->
