<?xml version="1.0" encoding="UTF-8"?>
<!-- Generated by org.testng.reporters.JUnitReportReporter -->
<testsuite hostname="DEEPIKAPATIL" failures="0" tests="1" name="POSTAPIs.CreateUserWithPojoTest" time="3.974" errors="0" timestamp="2024-09-29T07:23:17 IST" skipped="0">
  <testcase classname="POSTAPIs.CreateUserWithPojoTest" name="AddUserTest" time="3.974"/>
</testsuite> <!-- POSTAPIs.CreateUserWithPojoTest -->
